{"E:\\typescript\\bjts\\src\\index.ts": {"path":"E:\\typescript\\bjts\\src\\index.ts","statementMap":{"0":{"start":{"line":4,"column":13},"end":{"line":4,"column":null}},"1":{"start":{"line":5,"column":13},"end":{"line":5,"column":null}},"2":{"start":{"line":7,"column":0},"end":{"line":7,"column":null}},"3":{"start":{"line":9,"column":0},"end":{"line":9,"column":null}},"4":{"start":{"line":11,"column":0},"end":{"line":13,"column":null}},"5":{"start":{"line":12,"column":1},"end":{"line":12,"column":null}}},"fnMap":{"0":{"name":"(anonymous_0)","decl":{"start":{"line":11,"column":17},"end":{"line":11,"column":23}},"loc":{"start":{"line":11,"column":23},"end":{"line":13,"column":1}},"line":11}},"branchMap":{},"s":{"0":2,"1":2,"2":2,"3":2,"4":2,"5":2},"f":{"0":2},"b":{},"meta":{"lastBranch":0,"lastFunction":1,"lastStatement":6,"seen":{"s:4:13:4:Infinity":0,"s:5:13:5:Infinity":1,"s:7:0:7:Infinity":2,"s:9:0:9:Infinity":3,"s:11:0:13:Infinity":4,"f:11:17:11:23":0,"s:12:1:12:Infinity":5}}}
,"E:\\typescript\\bjts\\src\\controllers\\auth.ts": {"path":"E:\\typescript\\bjts\\src\\controllers\\auth.ts","statementMap":{"0":{"start":{"line":2,"column":24},"end":{"line":5,"column":null}},"1":{"start":{"line":3,"column":1},"end":{"line":3,"column":null}},"2":{"start":{"line":4,"column":1},"end":{"line":4,"column":null}},"3":{"start":{"line":6,"column":21},"end":{"line":8,"column":null}},"4":{"start":{"line":9,"column":22},"end":{"line":11,"column":null}}},"fnMap":{"0":{"name":"(anonymous_0)","decl":{"start":{"line":2,"column":24},"end":{"line":2,"column":31}},"loc":{"start":{"line":2,"column":84},"end":{"line":5,"column":null}},"line":2},"1":{"name":"(anonymous_1)","decl":{"start":{"line":6,"column":21},"end":{"line":6,"column":28}},"loc":{"start":{"line":6,"column":80},"end":{"line":8,"column":null}},"line":6},"2":{"name":"(anonymous_2)","decl":{"start":{"line":9,"column":22},"end":{"line":9,"column":29}},"loc":{"start":{"line":9,"column":81},"end":{"line":11,"column":null}},"line":9}},"branchMap":{},"s":{"0":2,"1":1,"2":1,"3":2,"4":2},"f":{"0":1,"1":0,"2":0},"b":{},"meta":{"lastBranch":0,"lastFunction":3,"lastStatement":5,"seen":{"s:2:24:5:Infinity":0,"f:2:24:2:31":0,"s:3:1:3:Infinity":1,"s:4:1:4:Infinity":2,"s:6:21:8:Infinity":3,"f:6:21:6:28":1,"s:9:22:11:Infinity":4,"f:9:22:9:29":2}}}
,"E:\\typescript\\bjts\\src\\db\\pg.ts": {"path":"E:\\typescript\\bjts\\src\\db\\pg.ts","statementMap":{"0":{"start":{"line":5,"column":13},"end":{"line":5,"column":null}},"1":{"start":{"line":7,"column":20},"end":{"line":16,"column":null}},"2":{"start":{"line":18,"column":21},"end":{"line":20,"column":null}},"3":{"start":{"line":19,"column":1},"end":{"line":19,"column":null}}},"fnMap":{"0":{"name":"(anonymous_0)","decl":{"start":{"line":18,"column":21},"end":{"line":18,"column":25}},"loc":{"start":{"line":18,"column":106},"end":{"line":20,"column":null}},"line":18}},"branchMap":{},"s":{"0":2,"1":2,"2":2,"3":1},"f":{"0":1},"b":{},"meta":{"lastBranch":0,"lastFunction":1,"lastStatement":4,"seen":{"s:5:13:5:Infinity":0,"s:7:20:16:Infinity":1,"s:18:21:20:Infinity":2,"f:18:21:18:25":0,"s:19:1:19:Infinity":3}}}
,"E:\\typescript\\bjts\\src\\db\\user.ts": {"path":"E:\\typescript\\bjts\\src\\db\\user.ts","statementMap":{"0":{"start":{"line":4,"column":29},"end":{"line":7,"column":null}},"1":{"start":{"line":5,"column":16},"end":{"line":5,"column":null}},"2":{"start":{"line":6,"column":1},"end":{"line":6,"column":null}}},"fnMap":{"0":{"name":"(anonymous_0)","decl":{"start":{"line":4,"column":29},"end":{"line":4,"column":36}},"loc":{"start":{"line":4,"column":84},"end":{"line":7,"column":null}},"line":4}},"branchMap":{},"s":{"0":2,"1":1,"2":1},"f":{"0":1},"b":{},"meta":{"lastBranch":0,"lastFunction":1,"lastStatement":3,"seen":{"s:4:29:7:Infinity":0,"f:4:29:4:36":0,"s:5:16:5:Infinity":1,"s:6:1:6:Infinity":2}}}
,"E:\\typescript\\bjts\\src\\middleware\\session.ts": {"path":"E:\\typescript\\bjts\\src\\middleware\\session.ts","statementMap":{"0":{"start":{"line":4,"column":13},"end":{"line":18,"column":null}}},"fnMap":{},"branchMap":{},"s":{"0":2},"f":{},"b":{},"meta":{"lastBranch":0,"lastFunction":0,"lastStatement":1,"seen":{"s:4:13:18:Infinity":0}}}
,"E:\\typescript\\bjts\\src\\middleware\\user.ts": {"path":"E:\\typescript\\bjts\\src\\middleware\\user.ts","statementMap":{"0":{"start":{"line":3,"column":24},"end":{"line":17,"column":null}},"1":{"start":{"line":4,"column":1},"end":{"line":15,"column":null}},"2":{"start":{"line":5,"column":2},"end":{"line":14,"column":null}},"3":{"start":{"line":6,"column":16},"end":{"line":6,"column":null}},"4":{"start":{"line":7,"column":3},"end":{"line":9,"column":null}},"5":{"start":{"line":8,"column":4},"end":{"line":8,"column":null}},"6":{"start":{"line":10,"column":3},"end":{"line":10,"column":null}},"7":{"start":{"line":13,"column":3},"end":{"line":13,"column":null}},"8":{"start":{"line":16,"column":1},"end":{"line":16,"column":null}}},"fnMap":{"0":{"name":"(anonymous_0)","decl":{"start":{"line":3,"column":24},"end":{"line":3,"column":31}},"loc":{"start":{"line":3,"column":99},"end":{"line":17,"column":null}},"line":3}},"branchMap":{"0":{"loc":{"start":{"line":4,"column":1},"end":{"line":15,"column":null}},"type":"if","locations":[{"start":{"line":4,"column":1},"end":{"line":15,"column":null}},{"start":{},"end":{}}],"line":4},"1":{"loc":{"start":{"line":7,"column":3},"end":{"line":9,"column":null}},"type":"if","locations":[{"start":{"line":7,"column":3},"end":{"line":9,"column":null}},{"start":{},"end":{}}],"line":7}},"s":{"0":2,"1":1,"2":1,"3":1,"4":1,"5":0,"6":1,"7":0,"8":1},"f":{"0":1},"b":{"0":[1,0],"1":[0,1]},"meta":{"lastBranch":2,"lastFunction":1,"lastStatement":9,"seen":{"s:3:24:17:Infinity":0,"f:3:24:3:31":0,"b:4:1:15:Infinity:undefined:undefined:undefined:undefined":0,"s:4:1:15:Infinity":1,"s:5:2:14:Infinity":2,"s:6:16:6:Infinity":3,"b:7:3:9:Infinity:undefined:undefined:undefined:undefined":1,"s:7:3:9:Infinity":4,"s:8:4:8:Infinity":5,"s:10:3:10:Infinity":6,"s:13:3:13:Infinity":7,"s:16:1:16:Infinity":8}}}
,"E:\\typescript\\bjts\\src\\middleware\\validators.ts": {"path":"E:\\typescript\\bjts\\src\\middleware\\validators.ts","statementMap":{"0":{"start":{"line":3,"column":21},"end":{"line":10,"column":null}},"1":{"start":{"line":4,"column":7},"end":{"line":4,"column":null}},"2":{"start":{"line":5,"column":1},"end":{"line":9,"column":null}},"3":{"start":{"line":6,"column":2},"end":{"line":6,"column":null}},"4":{"start":{"line":8,"column":2},"end":{"line":8,"column":null}},"5":{"start":{"line":12,"column":40},"end":{"line":16,"column":null}}},"fnMap":{"0":{"name":"(anonymous_0)","decl":{"start":{"line":3,"column":21},"end":{"line":3,"column":22}},"loc":{"start":{"line":3,"column":74},"end":{"line":10,"column":null}},"line":3}},"branchMap":{"0":{"loc":{"start":{"line":5,"column":1},"end":{"line":9,"column":null}},"type":"if","locations":[{"start":{"line":5,"column":1},"end":{"line":9,"column":null}},{"start":{"line":7,"column":8},"end":{"line":9,"column":null}}],"line":5}},"s":{"0":2,"1":2,"2":2,"3":1,"4":1,"5":2},"f":{"0":2},"b":{"0":[1,1]},"meta":{"lastBranch":1,"lastFunction":1,"lastStatement":6,"seen":{"s:3:21:10:Infinity":0,"f:3:21:3:22":0,"s:4:7:4:Infinity":1,"b:5:1:9:Infinity:7:8:9:Infinity":0,"s:5:1:9:Infinity":2,"s:6:2:6:Infinity":3,"s:8:2:8:Infinity":4,"s:12:40:16:Infinity":5}}}
,"E:\\typescript\\bjts\\src\\routes\\errors.ts": {"path":"E:\\typescript\\bjts\\src\\routes\\errors.ts","statementMap":{"0":{"start":{"line":2,"column":15},"end":{"line":2,"column":null}},"1":{"start":{"line":4,"column":0},"end":{"line":10,"column":null}},"2":{"start":{"line":5,"column":1},"end":{"line":5,"column":null}},"3":{"start":{"line":6,"column":1},"end":{"line":8,"column":null}},"4":{"start":{"line":7,"column":2},"end":{"line":7,"column":null}},"5":{"start":{"line":9,"column":1},"end":{"line":9,"column":null}},"6":{"start":{"line":11,"column":0},"end":{"line":13,"column":null}},"7":{"start":{"line":12,"column":1},"end":{"line":12,"column":null}}},"fnMap":{"0":{"name":"(anonymous_0)","decl":{"start":{"line":4,"column":11},"end":{"line":4,"column":12}},"loc":{"start":{"line":4,"column":83},"end":{"line":10,"column":1}},"line":4},"1":{"name":"(anonymous_1)","decl":{"start":{"line":11,"column":22},"end":{"line":11,"column":23}},"loc":{"start":{"line":11,"column":77},"end":{"line":13,"column":1}},"line":11}},"branchMap":{"0":{"loc":{"start":{"line":6,"column":1},"end":{"line":8,"column":null}},"type":"if","locations":[{"start":{"line":6,"column":1},"end":{"line":8,"column":null}},{"start":{},"end":{}}],"line":6}},"s":{"0":2,"1":2,"2":0,"3":0,"4":0,"5":0,"6":2,"7":1},"f":{"0":0,"1":1},"b":{"0":[0,0]},"meta":{"lastBranch":1,"lastFunction":2,"lastStatement":8,"seen":{"s:2:15:2:Infinity":0,"s:4:0:10:Infinity":1,"f:4:11:4:12":0,"s:5:1:5:Infinity":2,"b:6:1:8:Infinity:undefined:undefined:undefined:undefined":0,"s:6:1:8:Infinity":3,"s:7:2:7:Infinity":4,"s:9:1:9:Infinity":5,"s:11:0:13:Infinity":6,"f:11:22:11:23":1,"s:12:1:12:Infinity":7}}}
,"E:\\typescript\\bjts\\src\\routes\\index.ts": {"path":"E:\\typescript\\bjts\\src\\routes\\index.ts","statementMap":{"0":{"start":{"line":4,"column":15},"end":{"line":4,"column":null}},"1":{"start":{"line":6,"column":0},"end":{"line":6,"column":null}},"2":{"start":{"line":8,"column":0},"end":{"line":8,"column":null}}},"fnMap":{},"branchMap":{},"s":{"0":2,"1":2,"2":2},"f":{},"b":{},"meta":{"lastBranch":0,"lastFunction":0,"lastStatement":3,"seen":{"s:4:15:4:Infinity":0,"s:6:0:6:Infinity":1,"s:8:0:8:Infinity":2}}}
,"E:\\typescript\\bjts\\src\\routes\\user.ts": {"path":"E:\\typescript\\bjts\\src\\routes\\user.ts","statementMap":{"0":{"start":{"line":6,"column":15},"end":{"line":6,"column":null}},"1":{"start":{"line":7,"column":0},"end":{"line":11,"column":null}},"2":{"start":{"line":8,"column":1},"end":{"line":10,"column":null}},"3":{"start":{"line":12,"column":0},"end":{"line":16,"column":null}}},"fnMap":{"0":{"name":"(anonymous_0)","decl":{"start":{"line":7,"column":28},"end":{"line":7,"column":29}},"loc":{"start":{"line":7,"column":61},"end":{"line":11,"column":1}},"line":7}},"branchMap":{},"s":{"0":2,"1":2,"2":1,"3":2},"f":{"0":1},"b":{},"meta":{"lastBranch":0,"lastFunction":1,"lastStatement":4,"seen":{"s:6:15:6:Infinity":0,"s:7:0:11:Infinity":1,"f:7:28:7:29":0,"s:8:1:10:Infinity":2,"s:12:0:16:Infinity":3}}}
}
